2023;02;17;09;18;15	a354de48-94b6-4f3d-a8b1-5ff1bccaf547	undefined: ESERVFAIL undefined
2023;02;17;09;18;40	9cc436d0-36ec-46d8-9c5d-d59dbb0a0e6c	undefined: ESERVFAIL undefined
2023;02;17;09;19;39	bbe26ce3-b76f-4933-8b25-c72bf9a553f8	undefined: ESERVFAIL undefined
2023;02;17;09;20;22	04d1bf46-56f7-4240-bf5b-24665a458b12	undefined: ESERVFAIL undefined
2023;02;17;09;21;07	362d7c5a-e275-48a8-a708-3287366d86a1	undefined: ESERVFAIL undefined
2023;02;17;09;21;37	ebda469d-b83d-4e9c-914a-749a0cbaef7b	undefined: ESERVFAIL undefined
2023;02;17;09;22;17	7c3ae861-2b0f-4f3e-89d2-0741e74cee5f	undefined: ESERVFAIL undefined
2023;02;17;09;24;32	b64e387a-874a-4bf3-927e-08ac796c4497	undefined: ESERVFAIL undefined
2023;02;17;09;25;41	b49c17ab-db88-4c8f-8384-9b3b1a480b8b	undefined: ESERVFAIL undefined
2023;02;17;09;26;16	8469d9c0-5b93-4968-be3a-6ca9609e074c	undefined: ESERVFAIL undefined
2023;02;17;09;26;32	f4993859-6920-4d3c-8768-ddbcec77b19a	undefined: ESERVFAIL undefined
2023;02;17;09;26;46	95062e1d-5db6-4415-a935-c4eb3c8fbd21	undefined: ESERVFAIL undefined
2023;02;17;08;40;53	defbd9ee-8b2a-439e-afe1-35062788d9db	undefined: ESERVFAIL undefined
2023;02;17;09;17;29	9c78e618-4c93-4ea4-b1b9-3ea634518781	undefined: ESERVFAIL undefined
2023;02;17;09;20;13	7ab2ec75-c729-4cde-b1ea-73440927f339	undefined: ESERVFAIL undefined
2023;02;17;09;20;15	399b9e08-2f5a-42af-8f9f-80ce8aaf47ae	undefined: ESERVFAIL undefined
2023;02;17;09;21;40	f60ba83f-39eb-4a7d-8a59-0454bf3276f1	undefined: ESERVFAIL undefined
2023;02;17;10;40;09	c547fc22-7888-49f9-9378-a759e245e804	undefined: ESERVFAIL undefined
2023;02;17;10;40;30	bb224a43-506f-4a05-b4c0-f9d9eecb82f3	undefined: ESERVFAIL undefined
2023;02;17;10;42;35	e80f11b8-55b7-4680-a929-4127c53f50e2	undefined: ESERVFAIL undefined
2023;02;17;10;43;21	38103378-78aa-4451-bd58-880ef17bf2e1	undefined: ESERVFAIL undefined
2023;02;17;10;43;27	0ca18c1b-d803-4df1-a77a-04e05e72e0d5	undefined: ESERVFAIL undefined
2023;02;17;10;43;46	7ba3164e-81c4-4de4-9c31-de0f99cb24fc	undefined: ESERVFAIL undefined
2023;02;17;10;43;57	8328fc5a-3f9b-44e4-8a0a-d17acb0e2aac	undefined: ESERVFAIL undefined
2023;02;17;10;44;19	52b3e5c9-6753-47e2-888d-20da49d6eb8f	undefined: ESERVFAIL undefined
2023;02;17;10;47;56	e9ba4d2f-365f-4d66-9efe-b349d7cba64f	undefined: ESERVFAIL undefined
2023;02;17;10;49;03	eb7d52b1-7d27-4caf-b5ac-d5c5a46c8a81	undefined: ESERVFAIL undefined
2023;02;17;10;49;22	9f381213-058b-4ad5-a534-79a18cebaede	undefined: ESERVFAIL undefined
2023;02;17;10;50;56	676682af-c0aa-42ef-bfe6-c67da64e075a	undefined: ESERVFAIL undefined
2023;02;17;10;51;50	f48bf0b5-e485-4e94-87d5-fcec1b2f5b10	undefined: ESERVFAIL undefined
2023;02;17;10;52;53	98207a3e-ab46-4548-ab45-f208921f0182	undefined: ESERVFAIL undefined
2023;02;17;10;53;12	1dd60be4-fe0b-4c59-9ab0-169c3534f90a	undefined: ESERVFAIL undefined
2023;02;17;10;54;10	f8d7e06d-17ea-4937-9e83-3fd64c029e2c	undefined: ESERVFAIL undefined
2023;02;17;10;54;49	5b1b3800-c066-4268-bfbf-08e9e699f2c9	undefined: ESERVFAIL undefined
2023;02;17;10;55;22	4c9a4a31-6eb0-4c3c-96d1-46f1f084ab3a	undefined: ESERVFAIL undefined
2023;02;17;10;58;57	7298ac84-0f19-43f2-8aed-502a3859b760	undefined: ESERVFAIL undefined
2023;02;17;11;00;17	1c02b632-7260-4bee-94cf-21d51e216620	undefined: ESERVFAIL undefined
2023;02;17;11;02;09	38c98fa5-6437-4ca3-b3df-0f1c7f90646d	undefined: ESERVFAIL undefined
2023;02;17;11;04;08	7712e132-9e90-4d9a-84e5-e88fef4b97a2	undefined: ESERVFAIL undefined
2023;02;17;11;05;41	44ce1b9f-1786-4afc-8aac-0135cfb04a38	undefined: ESERVFAIL undefined
2023;02;17;11;06;22	5ac84a4c-b136-40b0-98db-6ad3779aa400	undefined: ESERVFAIL undefined
2023;02;17;11;06;39	92becc58-4fc7-4608-af59-286245a6e210	undefined: ESERVFAIL undefined
2023;02;17;11;06;43	8385a3dc-05f4-4075-ac2e-b64019433dd4	undefined: ESERVFAIL undefined
2023;02;17;11;08;44	6cf4e756-37a5-456d-ac1e-2cae331bb036	undefined: ESERVFAIL undefined
2023;02;17;11;09;54	8abab46d-2fdd-4b66-b244-98698cb4479f	undefined: ESERVFAIL undefined
2023;02;17;11;13;36	6dc1d264-70b3-4c5a-aec1-e3b8f18e7dd3	undefined: ESERVFAIL undefined
2023;02;18;09;00;30	d2e658a9-fc82-4208-b1d7-9e1b2a0c8e3d	undefined: undefined undefined
2023;02;18;09;00;30	b0c30237-c621-44a3-b348-7f94e7d0e4d6	undefined: undefined undefined
2023;02;18;09;12;55	46ddb4b8-ee61-4265-abe7-49858b1a3638	undefined: ESERVFAIL undefined
2023;02;18;09;13;06	471c000c-016e-4e0d-a75a-8a0326e46622	undefined: ESERVFAIL undefined
2023;02;18;09;14;36	5488ce0c-7695-47b8-a0eb-b1c141ed8773	undefined: ESERVFAIL undefined
2023;02;18;09;14;42	44c6b290-9350-445c-9333-ffa3153905a5	undefined: ESERVFAIL undefined
2023;02;18;11;21;17	ac420da2-08a4-4132-8460-bf80a65813e0	undefined: ESERVFAIL undefined
2023;02;18;11;22;19	243db023-7960-4cc3-b5b0-875224d53354	undefined: ESERVFAIL undefined
2023;02;18;11;23;05	9296cca8-85f9-4e5b-9e7a-4e32c1454169	undefined: ESERVFAIL undefined
2023;02;22;08;58;11	d8e36324-fdcd-407a-8f8f-b1901e3ec82c	undefined: ESERVFAIL undefined
2023;02;22;08;58;17	e0f88049-26d8-453f-a3ab-ea23d089b475	undefined: ESERVFAIL undefined
2023;02;22;09;03;30	c4c0f42d-e838-4cc2-8e5f-35ace8bed34d	undefined: undefined undefined
